<?xml version="1.0" encoding="UTF-8"?>
<testng-results ignored="0" total="6" passed="6" failed="0" skipped="0">
  <reporter-output>
  </reporter-output>
  <suite started-at="2022-08-03T09:57:36 GMT-05:00" name="Default suite" finished-at="2022-08-03T09:57:36 GMT-05:00" duration-ms="154">
    <groups>
    </groups>
    <test started-at="2022-08-03T09:57:36 GMT-05:00" name="Default test" finished-at="2022-08-03T09:57:36 GMT-05:00" duration-ms="154">
      <class name="Group_ID.Artifact_ID.AppiumTest">
        <test-method signature="AndriodApp()[pri:0, instance:Group_ID.Artifact_ID.AppiumTest@d5b810e]" started-at="2022-08-03T09:57:36 GMT-05:00" name="AndriodApp" finished-at="2022-08-03T09:57:36 GMT-05:00" duration-ms="27" status="PASS">
          <reporter-output>
          </reporter-output>
        </test-method> <!-- AndriodApp -->
        <test-method signature="IOSApp()[pri:0, instance:Group_ID.Artifact_ID.AppiumTest@d5b810e]" started-at="2022-08-03T09:57:36 GMT-05:00" name="IOSApp" finished-at="2022-08-03T09:57:36 GMT-05:00" duration-ms="3" status="PASS">
          <reporter-output>
          </reporter-output>
        </test-method> <!-- IOSApp -->
      </class> <!-- Group_ID.Artifact_ID.AppiumTest -->
      <class name="Group_ID.Artifact_ID.SeleniumTest">
        <test-method signature="BrowserAutomation()[pri:0, instance:Group_ID.Artifact_ID.SeleniumTest@f0da945]" started-at="2022-08-03T09:57:36 GMT-05:00" name="BrowserAutomation" finished-at="2022-08-03T09:57:36 GMT-05:00" duration-ms="5" status="PASS">
          <reporter-output>
          </reporter-output>
        </test-method> <!-- BrowserAutomation -->
        <test-method signature="ElementsUi()[pri:0, instance:Group_ID.Artifact_ID.SeleniumTest@f0da945]" started-at="2022-08-03T09:57:36 GMT-05:00" name="ElementsUi" finished-at="2022-08-03T09:57:36 GMT-05:00" duration-ms="5" status="PASS">
          <reporter-output>
          </reporter-output>
        </test-method> <!-- ElementsUi -->
      </class> <!-- Group_ID.Artifact_ID.SeleniumTest -->
      <class name="Group_ID.Artifact_ID.RestAPITest">
        <test-method signature="DeleteTwitter()[pri:0, instance:Group_ID.Artifact_ID.RestAPITest@4803b726]" started-at="2022-08-03T09:57:36 GMT-05:00" name="DeleteTwitter" finished-at="2022-08-03T09:57:36 GMT-05:00" duration-ms="5" status="PASS">
          <reporter-output>
          </reporter-output>
        </test-method> <!-- DeleteTwitter -->
        <test-method signature="PostJira()[pri:0, instance:Group_ID.Artifact_ID.RestAPITest@4803b726]" started-at="2022-08-03T09:57:36 GMT-05:00" name="PostJira" finished-at="2022-08-03T09:57:36 GMT-05:00" duration-ms="5" status="PASS">
          <reporter-output>
          </reporter-output>
        </test-method> <!-- PostJira -->
      </class> <!-- Group_ID.Artifact_ID.RestAPITest -->
    </test> <!-- Default test -->
  </suite> <!-- Default suite -->
</testng-results>
