<?xml version="1.0" encoding="UTF-8"?>
<testsuite xmlns:xsi="http://www.w3.org/2001/XMLSchema-instance" xsi:noNamespaceSchemaLocation="https://maven.apache.org/surefire/maven-surefire-plugin/xsd/surefire-test-report-3.0.xsd" version="3.0" name="Place the order for Products" time="19.296" tests="1" errors="0" skipped="0" failures="0">
  <properties>
[...]
</properties>
  <testcase name="Search Experience for product search in both home and offers page" classname="Place the order for Products" time="19.296">
    <system-out><![CDATA[
@PlaceOrder
Scenario Outline: Search Experience for product search in both home and offers page # ///E:/Automation/Eclipse/Cucumber_e2eMaven_and_testNG/src/test/java/Package/Checkout.feature:13
  Given User is on GreenCart Landing page                                           # Step_Definition.LandingPageStepDefinition.user_is_on_green_cart_landing_page()
item_name:= Tomato
  When user searched with Shortname tom and extracted actual name of product        # Step_Definition.LandingPageStepDefinition.user_searched_with_shortname_and_extracted_actual_name_of_product(java.lang.String)
Added {string} items of the selected product to cart
  And Added "3" items of the selected product to cart                               # Step_Definition.LandingPageStepDefinition.added_items_of_the_selected_product_to_cart(java.lang.String)
  Then User proceeds to Checkout and validate the tom items in checkout page        # Step_Definition.CheckoutPageStepDefinition.user_proceeds_to_checkout(java.lang.String)
Promoy button and place order buttons are present
  And verify user has ability to enter promo code and place the order               # Step_Definition.CheckoutPageStepDefinition.enter_promo_code_and_place_the_order()
]]></system-out>
    <system-err><![CDATA[[pool-2-thread-1] INFO io.github.bonigarcia.wdm.WebDriverManager - Using chromedriver 104.0.5112.79 (resolved driver for Chrome 104)
[pool-2-thread-1] INFO io.github.bonigarcia.wdm.WebDriverManager - Exporting webdriver.chrome.driver as C:\Users\user\.cache\selenium\chromedriver\win32\104.0.5112.79\chromedriver.exe
Starting ChromeDriver 104.0.5112.79 (3cf3e8c8a07d104b9e1260c910efb8f383285dc5-refs/branch-heads/5112@{#1307}) on port 51442
Only local connections are allowed.
Please see https://chromedriver.chromium.org/security-considerations for suggestions on keeping ChromeDriver safe.
ChromeDriver was started successfully.
Aug 21, 2022 7:21:24 PM org.openqa.selenium.remote.ProtocolHandshake createSession
INFO: Detected dialect: W3C
Aug 21, 2022 7:21:25 PM org.openqa.selenium.devtools.CdpVersionFinder findNearestMatch
INFO: Unable to find CDP implementation matching 104.
Aug 21, 2022 7:21:25 PM org.openqa.selenium.devtools.CdpVersionFinder findNearestMatch
WARNING: Unable to find an exact match for CDP version 104, so returning the closest version found: a no-op implementation
Aug 21, 2022 7:21:25 PM org.openqa.selenium.devtools.CdpVersionFinder findNearestMatch
INFO: Unable to find CDP implementation matching 104.
Aug 21, 2022 7:21:25 PM org.openqa.selenium.chromium.ChromiumDriver lambda$new$3
WARNING: Unable to find version of CDP to use for . You may need to include a dependency on a specific version of the CDP using something similar to `org.seleniumhq.selenium:selenium-devtools-v86:4.1.2` where the version ("v86") matches the version of the chromium-based browser you're using and the version number of the artifact is the same as Selenium's.
]]></system-err>
  </testcase>
</testsuite>