<?xml version="1.0" encoding="UTF-8"?>
<testng-results ignored="0" total="1" passed="1" failed="0" skipped="0">
  <reporter-output>
  </reporter-output>
  <suite started-at="2022-08-20T16:38:57 GMT-05:00" name="Surefire suite" finished-at="2022-08-20T16:39:17 GMT-05:00" duration-ms="20287">
    <groups>
      <group name="cucumber">
        <method signature="AbstractTestNGCucumberTests.runScenario(io.cucumber.testng.PickleWrapper,io.cucumber.testng.FeatureWrapper)[pri:0, instance:Runner.TestNG_Runner@5e82df6a]" name="runScenario" class="io.cucumber.testng.AbstractTestNGCucumberTests"/>
      </group> <!-- cucumber -->
    </groups>
    <test started-at="2022-08-20T16:38:57 GMT-05:00" name="Surefire test" finished-at="2022-08-20T16:39:17 GMT-05:00" duration-ms="20287">
      <class name="Runner.TestNG_Runner">
        <test-method is-config="true" signature="setUpClass(org.testng.ITestContext)[pri:0, instance:Runner.TestNG_Runner@5e82df6a]" started-at="2022-08-20T16:38:57 GMT-05:00" name="setUpClass" finished-at="2022-08-20T16:38:58 GMT-05:00" duration-ms="1734" status="PASS">
          <params>
            <param index="0">
              <value>
                <![CDATA[org.testng.TestRunner@6124287a]]>
              </value>
            </param>
          </params>
          <reporter-output>
          </reporter-output>
        </test-method> <!-- setUpClass -->
        <test-method signature="runScenario(io.cucumber.testng.PickleWrapper,io.cucumber.testng.FeatureWrapper)[pri:0, instance:Runner.TestNG_Runner@5e82df6a]" started-at="2022-08-20T16:38:58 GMT-05:00" name="runScenario" description="Runs Cucumber Scenarios" data-provider="scenarios" finished-at="2022-08-20T16:39:16 GMT-05:00" duration-ms="17685" status="PASS">
          <params>
            <param index="0">
              <value>
                <![CDATA["Search Experience for product search in both home and offers page"]]>
              </value>
            </param>
            <param index="1">
              <value>
                <![CDATA["Place the order for Products"]]>
              </value>
            </param>
          </params>
          <reporter-output>
          </reporter-output>
        </test-method> <!-- runScenario -->
        <test-method is-config="true" signature="tearDownClass()[pri:0, instance:Runner.TestNG_Runner@5e82df6a]" started-at="2022-08-20T16:39:16 GMT-05:00" name="tearDownClass" finished-at="2022-08-20T16:39:17 GMT-05:00" duration-ms="767" status="PASS">
          <reporter-output>
          </reporter-output>
        </test-method> <!-- tearDownClass -->
      </class> <!-- Runner.TestNG_Runner -->
    </test> <!-- Surefire test -->
  </suite> <!-- Surefire suite -->
</testng-results>
