<?xml version="1.0" encoding="UTF-8"?>
<!-- Generated by org.testng.reporters.JUnitReportReporter -->
<testsuite hostname="DESKTOP-44M0S3V" failures="1" tests="1" name="Runner.Failed_Runner" time="12.245" errors="0" timestamp="2022-08-19T22:05:02 GMT-05:00" skipped="0">
  <testcase classname="Runner.Failed_Runner" name="runScenario" time="12.245">
    <failure message="expected [No data] but found [Beetroot]" type="java.lang.AssertionError">
      <![CDATA[java.lang.AssertionError: expected [No data] but found [Beetroot]
at org.testng.Assert.fail(Assert.java:110)
at org.testng.Assert.failNotEquals(Assert.java:1413)
at org.testng.Assert.assertEqualsImpl(Assert.java:149)
at org.testng.Assert.assertEquals(Assert.java:131)
at org.testng.Assert.assertEquals(Assert.java:655)
at org.testng.Assert.assertEquals(Assert.java:665)
at Step_Definition.OfferPageStepDefinition.comparing_both_prodcuts_are_same(OfferPageStepDefinition.java:30)
at ✽.Comparing both prodcuts are same(file:///E:/Automation/Eclipse/Cucumber_e2eMaven_and_testNG/src/test/java/Package/Search_product.feature:9)
]]>
    </failure>
  </testcase> <!-- runScenario -->
  <system-out/>
</testsuite> <!-- Runner.Failed_Runner -->
