<?xml version="1.0" encoding="UTF-8"?>
<!-- Generated by org.testng.reporters.JUnitXMLReporter -->
<testsuite ignored="0" hostname="DESKTOP-44M0S3V" failures="0" tests="6" name="Default test" time="0.154" errors="0" timestamp="2022-08-03T09:57:36 GMT-05:00">
  <testcase classname="Group_ID.Artifact_ID.AppiumTest" name="AndriodApp" time="0.027"/>
  <testcase classname="Group_ID.Artifact_ID.AppiumTest" name="IOSApp" time="0.003"/>
  <testcase classname="Group_ID.Artifact_ID.SeleniumTest" name="BrowserAutomation" time="0.005"/>
  <testcase classname="Group_ID.Artifact_ID.SeleniumTest" name="ElementsUi" time="0.005"/>
  <testcase classname="Group_ID.Artifact_ID.RestAPITest" name="DeleteTwitter" time="0.005"/>
  <testcase classname="Group_ID.Artifact_ID.RestAPITest" name="PostJira" time="0.005"/>
</testsuite> <!-- Default test -->
