<?xml version="1.0" encoding="UTF-8"?>
<testng-results ignored="0" total="1" passed="1" failed="0" skipped="0">
  <reporter-output>
  </reporter-output>
  <suite started-at="2022-08-09T10:36:37 GMT-05:00" name="Default suite" finished-at="2022-08-09T10:36:48 GMT-05:00" duration-ms="11032">
    <groups>
    </groups>
    <test started-at="2022-08-09T10:36:37 GMT-05:00" name="Default test" finished-at="2022-08-09T10:36:48 GMT-05:00" duration-ms="11032">
      <class name="Package.TetsCases">
        <test-method signature="HomePage()[pri:0, instance:Package.TetsCases@66f57048]" started-at="2022-08-09T10:36:37 GMT-05:00" name="HomePage" finished-at="2022-08-09T10:36:48 GMT-05:00" duration-ms="10961" status="PASS">
          <reporter-output>
          </reporter-output>
        </test-method> <!-- HomePage -->
      </class> <!-- Package.TetsCases -->
    </test> <!-- Default test -->
  </suite> <!-- Default suite -->
</testng-results>
