<?xml version="1.0" encoding="UTF-8"?>
<testng-results ignored="0" total="0" passed="0" failed="0" skipped="0">
  <reporter-output>
  </reporter-output>
  <suite started-at="2022-08-19T22:12:10 GMT-05:00" name="Default suite" finished-at="2022-08-19T22:12:12 GMT-05:00" duration-ms="1949">
    <groups>
      <group name="cucumber">
        <method signature="AbstractTestNGCucumberTests.runScenario(io.cucumber.testng.PickleWrapper,io.cucumber.testng.FeatureWrapper)[pri:0, instance:Runner.Failed_Runner@1a75e76a]" name="runScenario" class="io.cucumber.testng.AbstractTestNGCucumberTests"/>
      </group> <!-- cucumber -->
    </groups>
    <test started-at="2022-08-19T22:12:10 GMT-05:00" name="Default test" finished-at="2022-08-19T22:12:12 GMT-05:00" duration-ms="1949">
      <class name="Runner.Failed_Runner">
        <test-method is-config="true" signature="setUpClass(org.testng.ITestContext)[pri:0, instance:Runner.Failed_Runner@1a75e76a]" started-at="2022-08-19T22:12:10 GMT-05:00" name="setUpClass" finished-at="2022-08-19T22:12:11 GMT-05:00" duration-ms="1375" status="PASS">
          <params>
            <param index="0">
              <value>
                <![CDATA[org.testng.TestRunner@77010a30]]>
              </value>
            </param>
          </params>
          <reporter-output>
          </reporter-output>
        </test-method> <!-- setUpClass -->
        <test-method is-config="true" signature="tearDownClass()[pri:0, instance:Runner.Failed_Runner@1a75e76a]" started-at="2022-08-19T22:12:11 GMT-05:00" name="tearDownClass" finished-at="2022-08-19T22:12:12 GMT-05:00" duration-ms="505" status="PASS">
          <reporter-output>
          </reporter-output>
        </test-method> <!-- tearDownClass -->
      </class> <!-- Runner.Failed_Runner -->
    </test> <!-- Default test -->
  </suite> <!-- Default suite -->
</testng-results>
